<?xml version="1.0" encoding="UTF-8"?>
<!-- Generated by org.testng.reporters.JUnitReportReporter -->
<testsuite skipped="0" hostname="DESKTOP-3T81ER5" name="com.qa.tests.PharmacyIssuePageTest" tests="5" failures="0" timestamp="23 Jan 2021 04:37:12 GMT" time="25.736" errors="0">
  <testcase name="doLoginTest" time="1.856" classname="com.qa.tests.PharmacyIssuePageTest"/>
  <testcase name="doNavigateToSelectHospitalLocationTest" time="13.526" classname="com.qa.tests.PharmacyIssuePageTest"/>
  <testcase name="doNavigateToHISHomeTest" time="1.219" classname="com.qa.tests.PharmacyIssuePageTest"/>
  <testcase name="doNavigateToPharmacyIssueTest" time="1.229" classname="com.qa.tests.PharmacyIssuePageTest"/>
  <testcase name="doPharmacyIssueTest" time="7.906" classname="com.qa.tests.PharmacyIssuePageTest"/>
</testsuite> <!-- com.qa.tests.PharmacyIssuePageTest -->
