<?xml version="1.0" encoding="UTF-8"?>
<!-- Generated by org.testng.reporters.JUnitReportReporter -->
<testsuite skipped="0" hostname="DESKTOP-3T81ER5" name="com.qa.tests.PatientCheckInTest" tests="6" failures="0" timestamp="22 Jan 2021 11:58:00 GMT" time="15.888" errors="0">
  <testcase name="doLoginTest" time="1.208" classname="com.qa.tests.PatientCheckInTest"/>
  <testcase name="doNavigateToSelectHospitalLocationTest" time="4.427" classname="com.qa.tests.PatientCheckInTest"/>
  <testcase name="doNavigateToHISHomeTest" time="1.165" classname="com.qa.tests.PatientCheckInTest"/>
  <testcase name="doNavigateToPatientCheckInTest" time="0.947" classname="com.qa.tests.PatientCheckInTest"/>
  <testcase name="verifyPatientCheckInPageTitleTest" time="0.006" classname="com.qa.tests.PatientCheckInTest"/>
  <testcase name="doPatientCheckINTest" time="8.135" classname="com.qa.tests.PatientCheckInTest"/>
</testsuite> <!-- com.qa.tests.PatientCheckInTest -->
