<?xml version="1.0" encoding="UTF-8"?>
<!-- Generated by org.testng.reporters.JUnitReportReporter -->
<testsuite skipped="0" hostname="DESKTOP-3T81ER5" name="com.qa.tests.LossBreakageTest" tests="5" failures="0" timestamp="08 Feb 2021 10:39:53 GMT" time="24.961" errors="0">
  <testcase name="doLoginTest" time="5.613" classname="com.qa.tests.LossBreakageTest"/>
  <testcase name="doNavigateToSelectHospitalLocationTest" time="5.772" classname="com.qa.tests.LossBreakageTest"/>
  <testcase name="doNavigateToHISHomeTest" time="3.015" classname="com.qa.tests.LossBreakageTest"/>
  <testcase name="doNavigateLossBreakageLinkTest" time="1.120" classname="com.qa.tests.LossBreakageTest"/>
  <testcase name="doLossAndBreakageTest" time="9.441" classname="com.qa.tests.LossBreakageTest"/>
</testsuite> <!-- com.qa.tests.LossBreakageTest -->
