<?xml version="1.0" encoding="UTF-8"?>
<!-- Generated by org.testng.reporters.JUnitReportReporter -->
<testsuite skipped="0" hostname="DESKTOP-3T81ER5" name="com.qa.tests.PhysicalStockEntryTest" tests="5" failures="0" timestamp="08 Feb 2021 08:53:34 GMT" time="43.116" errors="0">
  <testcase name="doLoginTest" time="1.239" classname="com.qa.tests.PhysicalStockEntryTest"/>
  <testcase name="doNavigateToSelectHospitalLocationTest" time="25.574" classname="com.qa.tests.PhysicalStockEntryTest"/>
  <testcase name="doNavigateToHISHomeTest" time="1.498" classname="com.qa.tests.PhysicalStockEntryTest"/>
  <testcase name="doNavigateToPatientCheckInTest" time="1.867" classname="com.qa.tests.PhysicalStockEntryTest"/>
  <testcase name="doPhysicalStockEntryTest" time="12.938" classname="com.qa.tests.PhysicalStockEntryTest"/>
</testsuite> <!-- com.qa.tests.PhysicalStockEntryTest -->
