<?xml version="1.0" encoding="UTF-8"?>
<!-- Generated by org.testng.reporters.JUnitReportReporter -->
<testsuite skipped="0" hostname="DESKTOP-3T81ER5" name="com.qa.tests.IndentIssueWithoutOrderPageTest" tests="5" failures="0" timestamp="25 Feb 2021 11:31:15 GMT" time="53.896" errors="0">
  <testcase name="doLoginTest" time="2.196" classname="com.qa.tests.IndentIssueWithoutOrderPageTest"/>
  <testcase name="doNavigateToSelectHospitalLocationTest" time="25.244" classname="com.qa.tests.IndentIssueWithoutOrderPageTest"/>
  <testcase name="doNavigateToHISHomeTest" time="3.319" classname="com.qa.tests.IndentIssueWithoutOrderPageTest"/>
  <testcase name="doNavigateIndentIssuesWOOrderLinkTest" time="1.766" classname="com.qa.tests.IndentIssueWithoutOrderPageTest"/>
  <testcase name="doIndentIssueWoOrderTest" time="21.371" classname="com.qa.tests.IndentIssueWithoutOrderPageTest"/>
</testsuite> <!-- com.qa.tests.IndentIssueWithoutOrderPageTest -->
