<?xml version="1.0" encoding="UTF-8"?>
<!-- Generated by org.testng.reporters.JUnitReportReporter -->
<testsuite skipped="0" hostname="DESKTOP-3T81ER5" name="com.qa.tests.UHIDPageTest" tests="5" failures="0" timestamp="22 Jan 2021 11:58:00 GMT" time="8.563" errors="0">
  <testcase name="doLoginTest" time="0.992" classname="com.qa.tests.UHIDPageTest"/>
  <testcase name="doNavigateToSelectHospitalLocationTest" time="2.178" classname="com.qa.tests.UHIDPageTest"/>
  <testcase name="doNavigateToHISHomeTest" time="1.130" classname="com.qa.tests.UHIDPageTest"/>
  <testcase name="doNavigateToUHIDcreationLinkTest" time="0.908" classname="com.qa.tests.UHIDPageTest"/>
  <testcase name="doUHIDCreationPageTest" time="3.355" classname="com.qa.tests.UHIDPageTest"/>
</testsuite> <!-- com.qa.tests.UHIDPageTest -->
