<?xml version="1.0" encoding="UTF-8"?>
<!-- Generated by org.testng.reporters.JUnitReportReporter -->
<testsuite skipped="0" hostname="DESKTOP-3T81ER5" name="com.qa.tests.PatientAdmissionTest" tests="6" failures="0" timestamp="28 Jan 2021 13:12:00 GMT" time="75.336" errors="0">
  <testcase name="doLoginTest" time="1.933" classname="com.qa.tests.PatientAdmissionTest"/>
  <testcase name="doNavigateToSelectHospitalLocationTest" time="2.462" classname="com.qa.tests.PatientAdmissionTest"/>
  <testcase name="doNavigateToHISHomeTest" time="1.230" classname="com.qa.tests.PatientAdmissionTest"/>
  <testcase name="doNavigateToPatientAdmissionTest" time="29.410" classname="com.qa.tests.PatientAdmissionTest"/>
  <testcase name="verifyPatientAdmissionPageTitleTest" time="0.017" classname="com.qa.tests.PatientAdmissionTest"/>
  <testcase name="doPatientAdmissionTest" time="40.284" classname="com.qa.tests.PatientAdmissionTest"/>
</testsuite> <!-- com.qa.tests.PatientAdmissionTest -->
