<?xml version="1.0" encoding="UTF-8"?>
<!-- Generated by org.testng.reporters.JUnitReportReporter -->
<testsuite skipped="0" hostname="DESKTOP-3T81ER5" name="com.qa.tests.IndentOrderTest" tests="5" failures="0" timestamp="10 Feb 2021 10:37:33 GMT" time="49.411" errors="0">
  <testcase name="doLoginTest" time="1.220" classname="com.qa.tests.IndentOrderTest"/>
  <testcase name="doNavigateToSelectHospitalLocationTest" time="42.703" classname="com.qa.tests.IndentOrderTest"/>
  <testcase name="doNavigateToHISHomeTest" time="1.225" classname="com.qa.tests.IndentOrderTest"/>
  <testcase name="doNavigateIndentOrderLinkTest" time="0.871" classname="com.qa.tests.IndentOrderTest"/>
  <testcase name="doIndentOrderTest" time="3.392" classname="com.qa.tests.IndentOrderTest"/>
</testsuite> <!-- com.qa.tests.IndentOrderTest -->
