<?xml version="1.0" encoding="UTF-8"?>
<!-- Generated by org.testng.reporters.JUnitReportReporter -->
<testsuite skipped="0" hostname="DESKTOP-3T81ER5" name="com.qa.tests.AdjustmentTest" tests="5" failures="0" timestamp="08 Feb 2021 10:13:31 GMT" time="86.421" errors="0">
  <testcase name="doLoginTest" time="1.307" classname="com.qa.tests.AdjustmentTest"/>
  <testcase name="doNavigateToSelectHospitalLocationTest" time="74.217" classname="com.qa.tests.AdjustmentTest"/>
  <testcase name="doNavigateToHISHomeTest" time="1.011" classname="com.qa.tests.AdjustmentTest"/>
  <testcase name="doNavigateAdjustmentTest" time="0.587" classname="com.qa.tests.AdjustmentTest"/>
  <testcase name="doAdjustmentTest" time="9.299" classname="com.qa.tests.AdjustmentTest"/>
</testsuite> <!-- com.qa.tests.AdjustmentTest -->
