<?xml version="1.0" encoding="UTF-8"?>
<!-- Generated by org.testng.reporters.JUnitReportReporter -->
<testsuite skipped="0" hostname="DESKTOP-3T81ER5" name="com.qa.tests.ImagingWorkListPageTest" tests="10" failures="0" timestamp="25 Jan 2021 10:42:43 GMT" time="113.445" errors="0">
  <testcase name="doLoginTest" time="1.939" classname="com.qa.tests.ImagingWorkListPageTest"/>
  <testcase name="doNavigateToSelectHospitalLocationTest" time="26.865" classname="com.qa.tests.ImagingWorkListPageTest"/>
  <testcase name="doNavigateToHISHomeTest" time="2.153" classname="com.qa.tests.ImagingWorkListPageTest"/>
  <testcase name="doNavigateToImagingWorklistLinkTest" time="1.496" classname="com.qa.tests.ImagingWorkListPageTest"/>
  <testcase name="doImagingWorklistOPFlowTest" time="3.240" classname="com.qa.tests.ImagingWorkListPageTest"/>
  <testcase name="doImagingWorklistPATest" time="12.282" classname="com.qa.tests.ImagingWorkListPageTest"/>
  <testcase name="doImagingWorklistTestPerfTest" time="2.482" classname="com.qa.tests.ImagingWorkListPageTest"/>
  <testcase name="doImagingWorklistResultEntryTest" time="6.530" classname="com.qa.tests.ImagingWorkListPageTest"/>
  <testcase name="doImagingWorklistResultverifyTest" time="22.159" classname="com.qa.tests.ImagingWorkListPageTest"/>
  <testcase name="doImagingWorklistDispatchTest" time="34.299" classname="com.qa.tests.ImagingWorkListPageTest"/>
</testsuite> <!-- com.qa.tests.ImagingWorkListPageTest -->
