<?xml version="1.0" encoding="UTF-8"?>
<!-- Generated by org.testng.reporters.JUnitReportReporter -->
<testsuite skipped="0" hostname="DESKTOP-3T81ER5" name="com.qa.tests.AlterMRPPageTest" tests="5" failures="0" timestamp="26 Feb 2021 08:08:36 GMT" time="84.693" errors="0">
  <testcase name="doLoginTest" time="2.064" classname="com.qa.tests.AlterMRPPageTest"/>
  <testcase name="doNavigateToSelectHospitalLocationTest" time="65.210" classname="com.qa.tests.AlterMRPPageTest"/>
  <testcase name="doNavigateToHISHomeTest" time="1.888" classname="com.qa.tests.AlterMRPPageTest"/>
  <testcase name="doNavigateAdjustmentLinkTest" time="0.831" classname="com.qa.tests.AlterMRPPageTest"/>
  <testcase name="doAlterMRPTest" time="14.700" classname="com.qa.tests.AlterMRPPageTest"/>
</testsuite> <!-- com.qa.tests.AlterMRPPageTest -->
