<?xml version="1.0" encoding="UTF-8"?>
<!-- Generated by org.testng.reporters.JUnitReportReporter -->
<testsuite skipped="0" hostname="DESKTOP-3T81ER5" name="com.qa.tests.StoreConsumptionTest" tests="5" failures="0" timestamp="08 Feb 2021 10:38:36 GMT" time="77.243" errors="0">
  <testcase name="doLoginTest" time="1.828" classname="com.qa.tests.StoreConsumptionTest"/>
  <testcase name="doNavigateToSelectHospitalLocationTest" time="63.680" classname="com.qa.tests.StoreConsumptionTest"/>
  <testcase name="doNavigateToHISHomeTest" time="1.271" classname="com.qa.tests.StoreConsumptionTest"/>
  <testcase name="doNavigateAdjustmentTest" time="0.798" classname="com.qa.tests.StoreConsumptionTest"/>
  <testcase name="doAdjustmentTest" time="9.666" classname="com.qa.tests.StoreConsumptionTest"/>
</testsuite> <!-- com.qa.tests.StoreConsumptionTest -->
