<?xml version="1.0" encoding="UTF-8"?>
<!-- Generated by org.testng.reporters.JUnitReportReporter -->
<testsuite skipped="0" hostname="DESKTOP-3T81ER5" name="com.qa.tests.CancelCheckinTest" tests="5" failures="0" timestamp="22 Jan 2021 11:58:00 GMT" time="10.945" errors="0">
  <testcase name="doLoginTest" time="1.100" classname="com.qa.tests.CancelCheckinTest"/>
  <testcase name="doNavigateToSelectHospitalLocationTest" time="2.310" classname="com.qa.tests.CancelCheckinTest"/>
  <testcase name="doNavigateToHISHomeTest" time="1.040" classname="com.qa.tests.CancelCheckinTest"/>
  <testcase name="doNavigateToCancelCheckinTest" time="0.776" classname="com.qa.tests.CancelCheckinTest"/>
  <testcase name="doPatientAdmissionTest" time="5.719" classname="com.qa.tests.CancelCheckinTest"/>
</testsuite> <!-- com.qa.tests.CancelCheckinTest -->
