<?xml version="1.0" encoding="UTF-8"?>
<!-- Generated by org.testng.reporters.JUnitReportReporter -->
<testsuite skipped="0" hostname="DESKTOP-3T81ER5" name="com.qa.tests.IndentOrderTest" tests="5" failures="0" timestamp="24 Feb 2021 11:01:43 GMT" time="34.695" errors="0">
  <testcase name="doLoginTest" time="3.060" classname="com.qa.tests.IndentOrderTest"/>
  <testcase name="doNavigateToSelectHospitalLocationTest" time="5.551" classname="com.qa.tests.IndentOrderTest"/>
  <testcase name="doNavigateToHISHomeTest" time="3.107" classname="com.qa.tests.IndentOrderTest"/>
  <testcase name="doNavigateIndentOrderLinkTest" time="2.925" classname="com.qa.tests.IndentOrderTest"/>
  <testcase name="doIndentOrderTest" time="20.052" classname="com.qa.tests.IndentOrderTest"/>
</testsuite> <!-- com.qa.tests.IndentOrderTest -->
