<?xml version="1.0" encoding="UTF-8"?>
<!-- Generated by org.testng.reporters.JUnitReportReporter -->
<testsuite skipped="0" hostname="DESKTOP-3T81ER5" name="com.qa.tests.IndentWorklistPageTest" tests="7" failures="0" timestamp="02 Mar 2021 08:13:14 GMT" time="79.191" errors="0">
  <testcase name="doLoginTest" time="22.383" classname="com.qa.tests.IndentWorklistPageTest"/>
  <testcase name="doNavigateToSelectHospitalLocationTest" time="3.018" classname="com.qa.tests.IndentWorklistPageTest"/>
  <testcase name="doNavigateToHISHomeTest" time="1.336" classname="com.qa.tests.IndentWorklistPageTest"/>
  <testcase name="doNavigateIndentOrderLinkTest" time="0.957" classname="com.qa.tests.IndentWorklistPageTest"/>
  <testcase name="doIndentOrderTest" time="12.539" classname="com.qa.tests.IndentWorklistPageTest"/>
  <testcase name="doIndentWorklistViewIndentApproveFromStoreTest" time="35.199" classname="com.qa.tests.IndentWorklistPageTest"/>
  <testcase name="doIndentWorklistViewIndentApproveToStoreTest" time="3.759" classname="com.qa.tests.IndentWorklistPageTest"/>
</testsuite> <!-- com.qa.tests.IndentWorklistPageTest -->
