<?xml version="1.0" encoding="UTF-8"?>
<!-- Generated by org.testng.reporters.JUnitReportReporter -->
<testsuite skipped="0" hostname="DESKTOP-3T81ER5" name="com.qa.tests.BedStatusTest" tests="4" failures="0" timestamp="22 Jan 2021 11:58:00 GMT" time="6.400" errors="0">
  <testcase name="doLoginTest" time="1.100" classname="com.qa.tests.BedStatusTest"/>
  <testcase name="doNavigateToSelectHospitalLocationTest" time="2.156" classname="com.qa.tests.BedStatusTest"/>
  <testcase name="doNavigateToHISHomeTest" time="1.087" classname="com.qa.tests.BedStatusTest"/>
  <testcase name="doNavigateToBedStatusLink" time="2.057" classname="com.qa.tests.BedStatusTest"/>
</testsuite> <!-- com.qa.tests.BedStatusTest -->
